<?xml version="1.0" encoding="UTF-8"?>
<robot generator="Robot 6.0.2 (Python 3.11.2 on win32)" generated="20230222 11:27:23.785" rpa="false" schemaversion="3">
<suite id="s1" name="Chronos" source="c:\Users\chero\Robot Sem Complicação\chronos.robot">
<test id="s1-t1" name="ChronosTest" line="37">
<kw name="Adicionar item carrinho de compra">
<kw name="Open Browser" library="SeleniumLibrary">
<arg>${url}</arg>
<arg>${navegador}</arg>
<doc>Opens a new browser instance to the optional ``url``.</doc>
<msg timestamp="20230222 11:27:24.357" level="INFO">Opening browser 'chrome' to base url 'https://www.demoblaze.com'.</msg>
<status status="PASS" starttime="20230222 11:27:24.356" endtime="20230222 11:27:37.124"/>
</kw>
<kw name="Maximize Browser Window" library="SeleniumLibrary">
<doc>Maximizes current browser window.</doc>
<status status="PASS" starttime="20230222 11:27:37.126" endtime="20230222 11:27:37.286"/>
</kw>
<kw name="Click Link" library="SeleniumLibrary">
<arg>Laptops</arg>
<doc>Clicks a link identified by ``locator``.</doc>
<msg timestamp="20230222 11:27:37.287" level="INFO">Clicking link 'Laptops'.</msg>
<status status="PASS" starttime="20230222 11:27:37.286" endtime="20230222 11:27:37.409"/>
</kw>
<kw name="Wait Until Element Is Visible" library="SeleniumLibrary">
<arg>link=MacBook Pro</arg>
<doc>Waits until the element ``locator`` is visible.</doc>
<status status="PASS" starttime="20230222 11:27:37.411" endtime="20230222 11:27:39.333"/>
</kw>
<kw name="Click Link" library="SeleniumLibrary">
<arg>MacBook Pro</arg>
<doc>Clicks a link identified by ``locator``.</doc>
<msg timestamp="20230222 11:27:39.335" level="INFO">Clicking link 'MacBook Pro'.</msg>
<status status="PASS" starttime="20230222 11:27:39.333" endtime="20230222 11:27:55.267"/>
</kw>
<kw name="Wait Until Element Is Visible" library="SeleniumLibrary">
<arg>xpath=//div[2]//a</arg>
<doc>Waits until the element ``locator`` is visible.</doc>
<status status="PASS" starttime="20230222 11:27:55.268" endtime="20230222 11:28:07.494"/>
</kw>
<kw name="Click Element" library="SeleniumLibrary">
<arg>xpath=//div[2]//a</arg>
<doc>Click the element identified by ``locator``.</doc>
<msg timestamp="20230222 11:28:07.495" level="INFO">Clicking element 'xpath=//div[2]//a'.</msg>
<status status="PASS" starttime="20230222 11:28:07.494" endtime="20230222 11:28:07.587"/>
</kw>
<kw name="Alert Should Be Present" library="SeleniumLibrary">
<doc>Verifies that an alert is present and by default, accepts it.</doc>
<msg timestamp="20230222 11:28:07.589" level="INFO">HANDLE::&lt;class 'NoneType'&gt;::None</msg>
<status status="PASS" starttime="20230222 11:28:07.588" endtime="20230222 11:28:09.117"/>
</kw>
<status status="PASS" starttime="20230222 11:27:24.355" endtime="20230222 11:28:09.118"/>
</kw>
<kw name="Finalizar compra">
<kw name="Click Link" library="SeleniumLibrary">
<arg>Cart</arg>
<doc>Clicks a link identified by ``locator``.</doc>
<msg timestamp="20230222 11:28:09.127" level="INFO">Clicking link 'Cart'.</msg>
<status status="PASS" starttime="20230222 11:28:09.124" endtime="20230222 11:28:12.941"/>
</kw>
<kw name="Click Button" library="SeleniumLibrary">
<arg>css=.btn-success</arg>
<doc>Clicks the button identified by ``locator``.</doc>
<msg timestamp="20230222 11:28:12.944" level="INFO">Clicking button 'css=.btn-success'.</msg>
<status status="PASS" starttime="20230222 11:28:12.942" endtime="20230222 11:28:13.108"/>
</kw>
<kw name="Wait Until Element Is Visible" library="SeleniumLibrary">
<arg>id=name</arg>
<doc>Waits until the element ``locator`` is visible.</doc>
<status status="PASS" starttime="20230222 11:28:13.109" endtime="20230222 11:28:13.458"/>
</kw>
<kw name="Input Text" library="SeleniumLibrary">
<arg>id=name</arg>
<arg>Marcelo Messias</arg>
<doc>Types the given ``text`` into the text field identified by ``locator``.</doc>
<msg timestamp="20230222 11:28:13.461" level="INFO">Typing text 'Marcelo Messias' into text field 'id=name'.</msg>
<status status="PASS" starttime="20230222 11:28:13.459" endtime="20230222 11:28:13.908"/>
</kw>
<kw name="Input Text" library="SeleniumLibrary">
<arg>id=country</arg>
<arg>Brasil</arg>
<doc>Types the given ``text`` into the text field identified by ``locator``.</doc>
<msg timestamp="20230222 11:28:13.911" level="INFO">Typing text 'Brasil' into text field 'id=country'.</msg>
<status status="PASS" starttime="20230222 11:28:13.909" endtime="20230222 11:28:14.168"/>
</kw>
<kw name="Input Text" library="SeleniumLibrary">
<arg>id=city</arg>
<arg>Barueri</arg>
<doc>Types the given ``text`` into the text field identified by ``locator``.</doc>
<msg timestamp="20230222 11:28:14.171" level="INFO">Typing text 'Barueri' into text field 'id=city'.</msg>
<status status="PASS" starttime="20230222 11:28:14.169" endtime="20230222 11:28:14.420"/>
</kw>
<kw name="Input Text" library="SeleniumLibrary">
<arg>id=card</arg>
<arg>12345678910</arg>
<doc>Types the given ``text`` into the text field identified by ``locator``.</doc>
<msg timestamp="20230222 11:28:14.423" level="INFO">Typing text '12345678910' into text field 'id=card'.</msg>
<status status="PASS" starttime="20230222 11:28:14.421" endtime="20230222 11:28:14.659"/>
</kw>
<kw name="Input Text" library="SeleniumLibrary">
<arg>id=month</arg>
<arg>07</arg>
<doc>Types the given ``text`` into the text field identified by ``locator``.</doc>
<msg timestamp="20230222 11:28:14.661" level="INFO">Typing text '07' into text field 'id=month'.</msg>
<status status="PASS" starttime="20230222 11:28:14.660" endtime="20230222 11:28:14.843"/>
</kw>
<kw name="Input Text" library="SeleniumLibrary">
<arg>id=year</arg>
<arg>2031</arg>
<doc>Types the given ``text`` into the text field identified by ``locator``.</doc>
<msg timestamp="20230222 11:28:14.845" level="INFO">Typing text '2031' into text field 'id=year'.</msg>
<status status="PASS" starttime="20230222 11:28:14.843" endtime="20230222 11:28:15.059"/>
</kw>
<kw name="Click Button" library="SeleniumLibrary">
<arg>xpath=//button[text()='Purchase']</arg>
<doc>Clicks the button identified by ``locator``.</doc>
<msg timestamp="20230222 11:28:15.061" level="INFO">Clicking button 'xpath=//button[text()='Purchase']'.</msg>
<status status="PASS" starttime="20230222 11:28:15.060" endtime="20230222 11:28:15.393"/>
</kw>
<kw name="Element Text Should Be" library="SeleniumLibrary">
<arg>css=.sweet-alert &gt; h2</arg>
<arg>Thank you for your purchase!</arg>
<doc>Verifies that element ``locator`` contains exact the text ``expected``.</doc>
<msg timestamp="20230222 11:28:15.395" level="INFO">Verifying element 'css=.sweet-alert &gt; h2' contains exact text 'Thank you for your purchase!'.</msg>
<status status="PASS" starttime="20230222 11:28:15.394" endtime="20230222 11:28:15.594"/>
</kw>
<kw name="Click Button" library="SeleniumLibrary">
<arg>css=.confirm</arg>
<doc>Clicks the button identified by ``locator``.</doc>
<msg timestamp="20230222 11:28:15.597" level="INFO">Clicking button 'css=.confirm'.</msg>
<status status="PASS" starttime="20230222 11:28:15.595" endtime="20230222 11:28:15.792"/>
</kw>
<status status="PASS" starttime="20230222 11:28:09.122" endtime="20230222 11:28:15.793"/>
</kw>
<status status="PASS" starttime="20230222 11:27:24.353" endtime="20230222 11:28:15.796"/>
</test>
<doc>Robot Framework Sem Complicação</doc>
<status status="PASS" starttime="20230222 11:27:23.793" endtime="20230222 11:28:15.945"/>
</suite>
<statistics>
<total>
<stat pass="1" fail="0" skip="0">All Tests</stat>
</total>
<tag>
</tag>
<suite>
<stat pass="1" fail="0" skip="0" id="s1" name="Chronos">Chronos</stat>
</suite>
</statistics>
<errors>
</errors>
</robot>
